<?xml version="1.0" encoding="UTF-8"?>
<!-- Generated by org.testng.reporters.JUnitReportReporter -->
<testsuite skipped="0" hostname="Rubesh" name="com.factory.DataProviderExample" tests="4" failures="0" timestamp="2020-04-02T19:27:25 IST" time="0.025" errors="0">
  <testcase name="methodOne" time="0.004" classname="com.factory.DataProviderExample"/>
  <system-out/>
  <testcase name="methodtwo" time="0.005" classname="com.factory.DataProviderExample"/>
  <system-out/>
  <testcase name="methodOne" time="0.011" classname="com.factory.DataProviderExample"/>
  <system-out/>
  <testcase name="methodtwo" time="0.005" classname="com.factory.DataProviderExample"/>
  <system-out/>
</testsuite> <!-- com.factory.DataProviderExample -->
