<?xml version="1.0" encoding="UTF-8"?>
<!-- Generated by org.testng.reporters.JUnitReportReporter -->
<testsuite skipped="0" hostname="Rubesh" name="com.factory.FactoryTest" tests="4" failures="0" timestamp="2020-04-02T19:28:29 IST" time="0.081" errors="0">
  <testcase name="methodtwo" time="0.013" classname="com.factory.FactoryTest"/>
  <system-out/>
  <testcase name="methodtwo" time="0.028" classname="com.factory.FactoryTest"/>
  <system-out/>
  <testcase name="methodOne" time="0.017" classname="com.factory.FactoryTest"/>
  <system-out/>
  <testcase name="methodOne" time="0.023" classname="com.factory.FactoryTest"/>
  <system-out/>
</testsuite> <!-- com.factory.FactoryTest -->
