<?xml version="1.0" encoding="UTF-8"?>
<!-- Generated by org.testng.reporters.JUnitReportReporter -->
<testsuite skipped="0" hostname="Rubesh" name="com.test.NewTest" tests="1" failures="0" timestamp="21 May 2019 17:22:59 GMT" time="0.027" errors="0">
  <testcase name="test3" time="0.027" classname="com.test.NewTest"/>
</testsuite> <!-- com.test.NewTest -->
