<?xml version="1.0" encoding="UTF-8"?>
<!-- Generated by org.testng.reporters.JUnitReportReporter -->
<testsuite skipped="0" hostname="Rubesh" name="com.rubesh.Cucumber.TestMethod" tests="1" failures="0" timestamp="2020-04-29T21:19:46 IST" time="4.882" errors="0">
  <testcase name="testNgMethod" time="4.882" classname="com.rubesh.Cucumber.TestMethod"/>
  <system-out/>
</testsuite> <!-- com.rubesh.Cucumber.TestMethod -->
