<?xml version="1.0" encoding="UTF-8"?>
<!-- Generated by org.testng.reporters.JUnitReportReporter -->
<testsuite skipped="0" hostname="Rubesh" name="com.rubesh.Cucumber.AppTestRunner" tests="3" failures="0" timestamp="2020-04-24T23:17:38 IST" time="0.257" errors="0">
  <testcase name="runScenario" time="0.221" classname="com.rubesh.Cucumber.AppTestRunner"/>
  <system-out/>
  <testcase name="runScenario" time="0.020" classname="com.rubesh.Cucumber.AppTestRunner"/>
  <system-out/>
  <testcase name="runScenario" time="0.016" classname="com.rubesh.Cucumber.AppTestRunner"/>
  <system-out/>
</testsuite> <!-- com.rubesh.Cucumber.AppTestRunner -->
